# JRE version: Java(TM) SE Runtime Environment 18.9 (11.0.15+8) (build 11.0.15+8-LTS-149)
# Java VM: Java HotSpot(TM) 64-Bit Server VM 18.9 (11.0.15+8-LTS-149, mixed mode, tiered, compressed oops, g1 gc, windows-amd64)
Heap:
 garbage-first heap   total 131072K, used 18317K [0x0000000080000000, 0x0000000100000000)
  region size 1024K, 15 young (15360K), 4 survivors (4096K)
 Metaspace       used 25557K, capacity 26210K, committed 26496K, reserved 1073152K
  class space    used 2867K, capacity 3137K, committed 3200K, reserved 1048576K
GC Heap History (10 events):
Event: 2.033 GC heap before
{Heap before GC invocations=1 (full 0):
 garbage-first heap   total 131072K, used 8252K [0x0000000080000000, 0x0000000100000000)
  region size 1024K, 6 young (6144K), 1 survivors (1024K)
 Metaspace       used 9826K, capacity 10037K, committed 10240K, reserved 1058816K
  class space    used 908K, capacity 984K, committed 1024K, reserved 1048576K
}
Event: 2.041 GC heap after
{Heap after GC invocations=2 (full 0):
 garbage-first heap   total 131072K, used 4012K [0x0000000080000000, 0x0000000100000000)
  region size 1024K, 1 young (1024K), 1 survivors (1024K)
 Metaspace       used 9826K, capacity 10037K, committed 10240K, reserved 1058816K
  class space    used 908K, capacity 984K, committed 1024K, reserved 1048576K
}
Event: 3.171 GC heap before
{Heap before GC invocations=2 (full 0):
 garbage-first heap   total 131072K, used 16300K [0x0000000080000000, 0x0000000100000000)
  region size 1024K, 13 young (13312K), 1 survivors (1024K)
 Metaspace       used 13978K, capacity 14282K, committed 14336K, reserved 1062912K
  class space    used 1404K, capacity 1515K, committed 1536K, reserved 1048576K
}
Event: 3.176 GC heap after
{Heap after GC invocations=3 (full 0):
 garbage-first heap   total 131072K, used 4932K [0x0000000080000000, 0x0000000100000000)
  region size 1024K, 2 young (2048K), 2 survivors (2048K)
 Metaspace       used 13978K, capacity 14282K, committed 14336K, reserved 1062912K
  class space    used 1404K, capacity 1515K, committed 1536K, reserved 1048576K
}
Event: 4.511 GC heap before
{Heap before GC invocations=3 (full 0):
 garbage-first heap   total 131072K, used 22340K [0x0000000080000000, 0x0000000100000000)
  region size 1024K, 19 young (19456K), 2 survivors (2048K)
 Metaspace       used 18063K, capacity 18528K, committed 18560K, reserved 1064960K
  class space    used 1962K, capacity 2157K, committed 2176K, reserved 1048576K
}
Event: 4.519 GC heap after
{Heap after GC invocations=4 (full 0):
 garbage-first heap   total 131072K, used 5983K [0x0000000080000000, 0x0000000100000000)
  region size 1024K, 2 young (2048K), 2 survivors (2048K)
 Metaspace       used 18063K, capacity 18528K, committed 18560K, reserved 1064960K
  class space    used 1962K, capacity 2157K, committed 2176K, reserved 1048576K
}
Event: 5.106 GC heap before
{Heap before GC invocations=4 (full 0):
 garbage-first heap   total 131072K, used 16223K [0x0000000080000000, 0x0000000100000000)
  region size 1024K, 14 young (14336K), 2 survivors (2048K)
 Metaspace       used 20677K, capacity 21120K, committed 21248K, reserved 1069056K
  class space    used 2247K, capacity 2447K, committed 2560K, reserved 1048576K
}
Event: 5.113 GC heap after
{Heap after GC invocations=5 (full 0):
 garbage-first heap   total 131072K, used 6346K [0x0000000080000000, 0x0000000100000000)
  region size 1024K, 3 young (3072K), 3 survivors (3072K)
 Metaspace       used 20677K, capacity 21120K, committed 21248K, reserved 1069056K
  class space    used 2247K, capacity 2447K, committed 2560K, reserved 1048576K
}
Event: 6.669 GC heap before
{Heap before GC invocations=6 (full 0):
 garbage-first heap   total 131072K, used 32970K [0x0000000080000000, 0x0000000100000000)
  region size 1024K, 29 young (29696K), 3 survivors (3072K)
 Metaspace       used 24612K, capacity 25188K, committed 25344K, reserved 1071104K
  class space    used 2766K, capacity 3015K, committed 3072K, reserved 1048576K
}
Event: 6.681 GC heap after
{Heap after GC invocations=7 (full 0):
 garbage-first heap   total 131072K, used 8077K [0x0000000080000000, 0x0000000100000000)
  region size 1024K, 4 young (4096K), 4 survivors (4096K)
 Metaspace       used 24612K, capacity 25188K, committed 25344K, reserved 1071104K
  class space    used 2766K, capacity 3015K, committed 3072K, reserved 1048576K
}

