# JRE version: Java(TM) SE Runtime Environment 18.9 (11.0.15+8) (build 11.0.15+8-LTS-149)
# Java VM: Java HotSpot(TM) 64-Bit Server VM 18.9 (11.0.15+8-LTS-149, mixed mode, tiered, compressed oops, g1 gc, windows-amd64)
Heap:
 garbage-first heap   total 157696K, used 9375K [0x0000000080000000, 0x0000000100000000)
  region size 1024K, 3 young (3072K), 3 survivors (3072K)
 Metaspace       used 20765K, capacity 21187K, committed 21248K, reserved 1069056K
  class space    used 2321K, capacity 2523K, committed 2560K, reserved 1048576K
GC Heap History (10 events):
Event: 0.768 GC heap after
{Heap after GC invocations=1 (full 0):
 garbage-first heap   total 131072K, used 5422K [0x0000000080000000, 0x0000000100000000)
  region size 1024K, 1 young (1024K), 1 survivors (1024K)
 Metaspace       used 6558K, capacity 6643K, committed 6784K, reserved 1056768K
  class space    used 570K, capacity 638K, committed 640K, reserved 1048576K
}
Event: 1.594 GC heap before
{Heap before GC invocations=1 (full 0):
 garbage-first heap   total 131072K, used 10542K [0x0000000080000000, 0x0000000100000000)
  region size 1024K, 6 young (6144K), 1 survivors (1024K)
 Metaspace       used 9005K, capacity 9109K, committed 9344K, reserved 1058816K
  class space    used 801K, capacity 840K, committed 896K, reserved 1048576K
}
Event: 1.600 GC heap after
{Heap after GC invocations=2 (full 0):
 garbage-first heap   total 131072K, used 6468K [0x0000000080000000, 0x0000000100000000)
  region size 1024K, 1 young (1024K), 1 survivors (1024K)
 Metaspace       used 9005K, capacity 9109K, committed 9344K, reserved 1058816K
  class space    used 801K, capacity 840K, committed 896K, reserved 1048576K
}
Event: 1.968 GC heap before
{Heap before GC invocations=2 (full 0):
 garbage-first heap   total 131072K, used 17732K [0x0000000080000000, 0x0000000100000000)
  region size 1024K, 13 young (13312K), 1 survivors (1024K)
 Metaspace       used 11097K, capacity 11258K, committed 11392K, reserved 1058816K
  class space    used 1052K, capacity 1134K, committed 1152K, reserved 1048576K
}
Event: 1.973 GC heap after
{Heap after GC invocations=3 (full 0):
 garbage-first heap   total 131072K, used 7083K [0x0000000080000000, 0x0000000100000000)
  region size 1024K, 2 young (2048K), 2 survivors (2048K)
 Metaspace       used 11097K, capacity 11258K, committed 11392K, reserved 1058816K
  class space    used 1052K, capacity 1134K, committed 1152K, reserved 1048576K
}
Event: 2.567 GC heap before
{Heap before GC invocations=3 (full 0):
 garbage-first heap   total 131072K, used 24491K [0x0000000080000000, 0x0000000100000000)
  region size 1024K, 19 young (19456K), 2 survivors (2048K)
 Metaspace       used 14834K, capacity 15142K, committed 15232K, reserved 1062912K
  class space    used 1496K, capacity 1631K, committed 1664K, reserved 1048576K
}
Event: 2.574 GC heap after
{Heap after GC invocations=4 (full 0):
 garbage-first heap   total 131072K, used 7884K [0x0000000080000000, 0x0000000100000000)
  region size 1024K, 3 young (3072K), 3 survivors (3072K)
 Metaspace       used 14834K, capacity 15142K, committed 15232K, reserved 1062912K
  class space    used 1496K, capacity 1631K, committed 1664K, reserved 1048576K
}
Event: 3.419 GC heap before
{Heap before GC invocations=4 (full 0):
 garbage-first heap   total 131072K, used 33484K [0x0000000080000000, 0x0000000100000000)
  region size 1024K, 29 young (29696K), 3 survivors (3072K)
 Metaspace       used 18857K, capacity 19267K, committed 19456K, reserved 1067008K
  class space    used 2044K, capacity 2226K, committed 2304K, reserved 1048576K
}
Event: 3.429 GC heap after
{Heap after GC invocations=5 (full 0):
 garbage-first heap   total 131072K, used 9066K [0x0000000080000000, 0x0000000100000000)
  region size 1024K, 3 young (3072K), 3 survivors (3072K)
 Metaspace       used 18857K, capacity 19267K, committed 19456K, reserved 1067008K
  class space    used 2044K, capacity 2226K, committed 2304K, reserved 1048576K
}
Event: 3.800 GC heap before
{Heap before GC invocations=5 (full 0):
 garbage-first heap   total 131072K, used 25450K [0x0000000080000000, 0x0000000100000000)
  region size 1024K, 20 young (20480K), 3 survivors (3072K)
 Metaspace       used 20765K, capacity 21187K, committed 21248K, reserved 1069056K
  class space    used 2321K, capacity 2523K, committed 2560K, reserved 1048576K
}

